<?xml version="1.0" encoding="UTF-8"?>
<testng-results ignored="0" total="1" passed="1" failed="0" skipped="0">
  <reporter-output>
  </reporter-output>
  <suite started-at="2024-08-06T10:34:38 IST" name="Default suite" finished-at="2024-08-06T10:34:55 IST" duration-ms="16801">
    <groups>
    </groups>
    <test started-at="2024-08-06T10:34:38 IST" name="Default test" finished-at="2024-08-06T10:34:55 IST" duration-ms="16801">
      <class name="testCases.TC001_LoginTest">
        <test-method is-config="true" signature="setup()[pri:0, instance:testCases.TC001_LoginTest@6e46d9f4]" started-at="2024-08-06T10:34:38 IST" name="setup" finished-at="2024-08-06T10:34:47 IST" duration-ms="9353" status="PASS">
          <reporter-output>
          </reporter-output>
        </test-method> <!-- setup -->
        <test-method signature="verify_Login()[pri:0, instance:testCases.TC001_LoginTest@6e46d9f4]" started-at="2024-08-06T10:34:47 IST" name="verify_Login" finished-at="2024-08-06T10:34:54 IST" duration-ms="7040" status="PASS">
          <reporter-output>
          </reporter-output>
        </test-method> <!-- verify_Login -->
        <test-method is-config="true" signature="tearDown()[pri:0, instance:testCases.TC001_LoginTest@6e46d9f4]" started-at="2024-08-06T10:34:54 IST" name="tearDown" finished-at="2024-08-06T10:34:55 IST" duration-ms="328" status="PASS">
          <reporter-output>
          </reporter-output>
        </test-method> <!-- tearDown -->
      </class> <!-- testCases.TC001_LoginTest -->
    </test> <!-- Default test -->
  </suite> <!-- Default suite -->
</testng-results>
