<?xml version="1.0" encoding="UTF-8"?>
<testng-results ignored="0" total="1" passed="1" failed="0" skipped="0">
  <reporter-output>
  </reporter-output>
  <suite started-at="2024-09-15T09:53:27 EDT" name="Default suite" finished-at="2024-09-15T09:54:10 EDT" duration-ms="42838">
    <groups>
    </groups>
    <test started-at="2024-09-15T09:53:27 EDT" name="Default test" finished-at="2024-09-15T09:54:10 EDT" duration-ms="42838">
      <class name="testCases.TC001_LoginTest">
        <test-method is-config="true" signature="setup()[pri:0, instance:testCases.TC001_LoginTest@5e81e5ac]" started-at="2024-09-15T09:53:27 EDT" name="setup" finished-at="2024-09-15T09:54:00 EDT" duration-ms="33618" status="PASS">
          <reporter-output>
          </reporter-output>
        </test-method> <!-- setup -->
        <test-method signature="verify_Login()[pri:0, instance:testCases.TC001_LoginTest@5e81e5ac]" started-at="2024-09-15T09:54:01 EDT" name="verify_Login" finished-at="2024-09-15T09:54:09 EDT" duration-ms="8728" status="PASS">
          <reporter-output>
          </reporter-output>
        </test-method> <!-- verify_Login -->
        <test-method is-config="true" signature="tearDown()[pri:0, instance:testCases.TC001_LoginTest@5e81e5ac]" started-at="2024-09-15T09:54:09 EDT" name="tearDown" finished-at="2024-09-15T09:54:10 EDT" duration-ms="343" status="PASS">
          <reporter-output>
          </reporter-output>
        </test-method> <!-- tearDown -->
      </class> <!-- testCases.TC001_LoginTest -->
    </test> <!-- Default test -->
  </suite> <!-- Default suite -->
</testng-results>
